<?xml version="1.0" encoding="UTF-8"?>
<!-- Generated by org.testng.reporters.JUnitReportReporter -->
<testsuite hostname="LAPTOP-KB7KK6RH" failures="0" tests="3" name="com.qkm1.android.AndroidSample" time="15.785" errors="0" timestamp="2022-03-17T12:02:03 IST" skipped="0">
  <testcase classname="com.qkm1.android.AndroidSample" name="test_03" time="4.360"/>
  <testcase classname="com.qkm1.android.AndroidSample" name="test_01" time="9.345"/>
  <testcase classname="com.qkm1.android.AndroidSample" name="test_02" time="2.080"/>
</testsuite> <!-- com.qkm1.android.AndroidSample -->
