<?xml version="1.0" encoding="UTF-8"?>
<!-- Generated by org.testng.reporters.JUnitReportReporter -->
<testsuite skipped="0" hostname="QKNBK1888" name="com.qkm1.android.AndroidSample" tests="3" failures="0" timestamp="2021-12-04T10:47:54 IST" time="17.414" errors="0">
  <testcase name="test_02" time="3.237" classname="com.qkm1.android.AndroidSample"/>
  <testcase name="test_01" time="9.790" classname="com.qkm1.android.AndroidSample"/>
  <testcase name="test_03" time="4.387" classname="com.qkm1.android.AndroidSample"/>
</testsuite> <!-- com.qkm1.android.AndroidSample -->
